  =====================  SCIATRAN 3.7.1  ====================

           ================================
            Gaseous absorber in atmosphere
           ================================

   Absorption by O4 : on
                 O2 : off

    N   Z       P         T    Air dens      bro       no3       oclo      o3        no2       so2       clo       hcho      na   
       km      mbar       K    mol/cm^3  mol/cm^3  mol/cm^3  mol/cm^3  mol/cm^3  mol/cm^3  mol/cm^3  mol/cm^3  mol/cm^3  mol/cm^3
  ---------------------------------------------------------------------------------------------------------------------------------
    1 100.0  3.201E-04  195.1  1.19E+13  1.22E-05  3.84E-16  1.54E-16  3.90E+05  1.11E-04  0.00E+00  6.95E-02  9.52E-02  9.49E+02 
    2  99.0  3.805E-04  193.8  1.42E+13  1.46E-05  4.60E-16  1.85E-16  4.67E+05  1.33E-04  0.00E+00  8.32E-02  1.14E-01  1.37E+03 
    3  98.0  4.523E-04  192.4  1.70E+13  1.75E-05  5.51E-16  2.21E-16  5.59E+05  1.59E-04  0.00E+00  9.96E-02  1.36E-01  1.89E+03 
    4  97.0  5.376E-04  191.1  2.04E+13  2.09E-05  6.59E-16  2.65E-16  6.69E+05  1.90E-04  0.00E+00  1.19E-01  1.63E-01  2.49E+03 
    5  96.0  6.391E-04  189.7  2.44E+13  2.50E-05  7.89E-16  3.17E-16  8.01E+05  2.28E-04  0.00E+00  1.43E-01  1.95E-01  3.11E+03 
    6  95.0  7.597E-04  188.4  2.92E+13  4.34E-05  1.78E-15  1.30E-15  1.01E+06  5.01E-04  0.00E+00  2.26E-01  4.47E-01  3.69E+03 
    7  94.0  9.063E-04  188.1  3.49E+13  7.26E-05  3.40E-15  2.95E-15  1.28E+06  9.47E-04  0.00E+00  3.54E-01  8.60E-01  4.18E+03 
    8  93.0  1.081E-03  187.8  4.17E+13  1.11E-04  5.59E-15  5.21E-15  1.62E+06  1.55E-03  0.00E+00  5.23E-01  1.42E+00  4.50E+03 
    9  92.0  1.290E-03  187.5  4.98E+13  1.81E-04  1.44E-14  1.29E-14  2.00E+06  3.33E-03  0.00E+00  7.53E-01  4.94E+00  4.61E+03 
   10  91.0  1.539E-03  187.2  5.95E+13  3.15E-04  3.96E-14  3.36E-14  2.38E+06  7.94E-03  0.00E+00  1.07E+00  1.60E+01  4.50E+03 
   11  90.0  1.836E-03  186.9  7.12E+13  4.93E-04  7.40E-14  6.19E-14  2.82E+06  1.42E-02  0.00E+00  1.49E+00  3.11E+01  4.18E+03 
   12  89.0  2.192E-03  187.3  8.48E+13  7.67E-04  1.88E-13  1.22E-13  3.34E+06  2.70E-02  0.00E+00  2.01E+00  7.04E+01  3.69E+03 
   13  88.0  2.618E-03  187.7  1.01E+14  1.35E-03  7.40E-13  3.35E-13  3.90E+06  6.96E-02  0.00E+00  2.65E+00  2.34E+02  3.11E+03 
   14  87.0  3.126E-03  188.1  1.20E+14  2.14E-03  1.50E-12  6.25E-13  4.57E+06  1.28E-01  0.00E+00  3.45E+00  4.58E+02  2.49E+03 
   15  86.0  3.733E-03  188.5  1.43E+14  3.19E-03  2.85E-12  1.04E-12  5.34E+06  2.10E-01  0.00E+00  4.48E+00  7.74E+02  1.89E+03 
   16  85.0  4.457E-03  188.9  1.71E+14  5.65E-03  2.43E-11  3.25E-12  6.16E+06  5.81E-01  0.00E+00  5.97E+00  2.05E+03  1.37E+03 
   17  84.0  5.292E-03  190.8  2.01E+14  8.80E-03  5.30E-11  6.18E-12  7.00E+06  1.07E+00  0.00E+00  7.75E+00  3.74E+03  9.49E+02 
   18  83.0  6.284E-03  192.8  2.36E+14  1.30E-02  1.15E-10  1.08E-11  7.96E+06  1.79E+00  0.00E+00  1.01E+01  6.04E+03  6.24E+02 
   19  82.0  7.462E-03  194.7  2.78E+14  2.21E-02  7.40E-10  3.29E-11  9.13E+06  4.31E+00  0.00E+00  1.44E+01  1.09E+04  3.90E+02 
   20  81.0  8.860E-03  196.7  3.26E+14  3.40E-02  1.58E-09  6.25E-11  1.05E+07  7.65E+00  0.00E+00  1.99E+01  1.73E+04  2.32E+02 
   21  80.0  1.052E-02  198.6  3.84E+14  5.16E-02  4.27E-09  1.41E-10  1.21E+07  1.31E+01  0.00E+00  2.79E+01  2.60E+04  1.32E+02 
   22  79.0  1.239E-02  200.6  4.48E+14  8.49E-02  1.56E-08  4.38E-10  1.45E+07  2.55E+01  0.00E+00  4.26E+01  3.92E+04  7.10E+01 
   23  78.0  1.460E-02  202.5  5.22E+14  1.28E-01  3.07E-08  8.31E-10  1.74E+07  4.16E+01  0.00E+00  6.14E+01  5.61E+04  3.65E+01 
   24  77.0  1.720E-02  204.5  6.09E+14  2.07E-01  7.41E-08  3.00E-09  2.18E+07  6.85E+01  0.00E+00  9.34E+01  7.74E+04  1.78E+01 
   25  76.0  2.027E-02  206.4  7.11E+14  3.44E-01  1.65E-07  8.23E-09  2.86E+07  1.12E+02  0.00E+00  1.46E+02  1.04E+05  8.29E+00 
   26  75.0  2.388E-02  208.4  8.30E+14  5.21E-01  2.85E-07  1.51E-08  3.70E+07  1.68E+02  0.00E+00  2.13E+02  1.37E+05  3.67E+00 
   27  74.0  2.792E-02  210.6  9.60E+14  8.92E-01  5.04E-07  6.10E-08  5.01E+07  2.48E+02  0.00E+00  3.38E+02  1.70E+05  1.55E+00 
   28  73.0  3.265E-02  212.9  1.11E+15  1.54E+00  8.63E-07  1.64E-07  7.00E+07  3.64E+02  0.00E+00  5.47E+02  2.00E+05  6.20E-01 
   29  72.0  3.818E-02  215.1  1.29E+15  2.37E+00  1.32E-06  2.98E-07  9.49E+07  5.09E+02  0.00E+00  8.12E+02  2.35E+05  2.37E-01 
   30  71.0  4.465E-02  217.4  1.49E+15  3.43E+00  1.91E-06  4.69E-07  1.26E+08  6.92E+02  0.00E+00  1.15E+03  2.77E+05  8.60E-02 
   31  70.0  5.221E-02  219.6  1.72E+15  7.23E+00  3.02E-06  3.02E-06  2.01E+08  8.81E+02  0.00E+00  2.07E+03  2.90E+05  2.98E-02 
   32  69.0  6.052E-02  222.3  1.97E+15  1.22E+01  4.42E-06  6.54E-06  2.96E+08  1.10E+03  0.00E+00  3.27E+03  2.93E+05  9.79E-03 
   33  68.0  7.016E-02  225.1  2.26E+15  1.86E+01  6.17E-06  1.10E-05  4.15E+08  1.36E+03  0.00E+00  4.77E+03  2.92E+05  3.07E-03 
   34  67.0  8.133E-02  227.8  2.59E+15  2.65E+01  8.34E-06  1.66E-05  5.62E+08  1.67E+03  0.00E+00  6.65E+03  2.83E+05  9.15E-04 
   35  66.0  9.429E-02  230.6  2.96E+15  5.07E+01  2.03E-05  7.61E-05  8.93E+08  1.98E+03  0.00E+00  1.02E+04  2.76E+05  2.60E-04 
   36  65.0  1.093E-01  233.3  3.39E+15  8.80E+01  4.00E-05  1.77E-04  1.38E+09  2.31E+03  0.00E+00  1.53E+04  2.66E+05  7.02E-05 
   37  64.0  1.257E-01  236.0  3.86E+15  1.34E+02  6.44E-05  3.03E-04  1.97E+09  2.67E+03  0.00E+00  2.15E+04  2.44E+05  1.81E-05 
   38  63.0  1.445E-01  238.8  4.38E+15  1.91E+02  9.47E-05  4.61E-04  2.70E+09  3.09E+03  0.00E+00  2.91E+04  2.12E+05  4.42E-06 
   39  62.0  1.661E-01  241.5  4.98E+15  2.63E+02  1.45E-04  6.85E-04  3.59E+09  3.63E+03  0.00E+00  3.84E+04  1.68E+05  1.03E-06 
   40  61.0  1.910E-01  244.3  5.66E+15  4.71E+02  9.12E-04  2.58E-03  4.60E+09  7.95E+03  0.00E+00  5.39E+04  1.99E+05  2.28E-07 
   41  60.0  2.196E-01  247.0  6.44E+15  7.30E+02  1.89E-03  4.98E-03  5.83E+09  1.34E+04  0.00E+00  7.30E+04  2.35E+05  4.82E-08 
   42  59.0  2.506E-01  249.8  7.27E+15  1.04E+03  3.09E-03  7.93E-03  7.25E+09  2.00E+04  0.00E+00  9.55E+04  2.76E+05  9.68E-09 
   43  58.0  2.860E-01  252.5  8.20E+15  1.43E+03  4.57E-03  1.16E-02  8.95E+09  2.81E+04  0.00E+00  1.23E+05  3.23E+05  1.85E-09 
   44  57.0  3.264E-01  255.3  9.26E+15  2.17E+03  1.73E-02  3.07E-02  1.10E+10  5.20E+04  0.00E+00  1.66E+05  3.99E+05  3.37E-10 
   45  56.0  3.726E-01  258.0  1.05E+16  3.40E+03  4.50E-02  7.07E-02  1.36E+10  9.68E+04  0.00E+00  2.29E+05  5.13E+05  5.84E-11 
   46  55.0  4.252E-01  260.8  1.18E+16  4.90E+03  7.96E-02  1.20E-01  1.66E+10  1.52E+05  0.00E+00  3.05E+05  6.49E+05  9.63E-12 
   47  54.0  4.822E-01  262.8  1.33E+16  6.71E+03  1.22E-01  1.81E-01  2.01E+10  2.20E+05  0.00E+00  3.96E+05  8.10E+05  1.51E-12 
   48  53.0  5.469E-01  264.7  1.50E+16  1.00E+04  3.80E-01  4.72E-01  2.48E+10  3.87E+05  0.00E+00  5.42E+05  1.03E+06  2.26E-13 
   49  52.0  6.203E-01  266.7  1.68E+16  1.54E+04  9.41E-01  1.09E+00  3.10E+10  6.93E+05  0.00E+00  7.60E+05  1.32E+06  3.21E-14 
   50  51.0  7.035E-01  268.6  1.90E+16  2.20E+04  1.64E+00  1.85E+00  3.83E+10  1.07E+06  0.00E+00  1.02E+06  1.67E+06  4.34E-15 
   51  50.0  7.978E-01  270.6  2.14E+16  3.00E+04  2.50E+00  2.79E+00  4.69E+10  1.53E+06  0.00E+00  1.34E+06  2.09E+06  5.59E-16 
   52  49.0  9.035E-01  270.6  2.42E+16  4.50E+04  8.06E+00  7.91E+00  5.95E+10  2.80E+06  0.00E+00  1.91E+06  2.67E+06  6.86E-17 
   53  48.0  1.023E+00  270.6  2.74E+16  6.79E+04  1.89E+01  1.77E+01  7.64E+10  4.98E+06  0.00E+00  2.75E+06  3.42E+06  8.00E-18 
   54  47.0  1.160E+00  269.3  3.12E+16  9.65E+04  3.27E+01  3.02E+01  9.72E+10  7.72E+06  0.00E+00  3.79E+06  4.34E+06  8.89E-19 
   55  46.0  1.315E+00  266.8  3.57E+16  1.33E+05  5.01E+01  4.59E+01  1.23E+11  1.12E+07  0.00E+00  5.10E+06  5.49E+06  9.40E-20 
   56  45.0  1.491E+00  264.2  4.09E+16  1.85E+05  1.30E+02  9.96E+01  1.57E+11  1.90E+07  0.00E+00  7.03E+06  6.82E+06  9.46E-21 
   57  44.0  1.697E+00  261.4  4.70E+16  2.62E+05  3.23E+02  2.20E+02  2.05E+11  3.42E+07  0.00E+00  9.93E+06  8.39E+06  9.06E-22 
   58  43.0  1.931E+00  258.7  5.41E+16  3.58E+05  5.71E+02  3.75E+02  2.63E+11  5.36E+07  0.00E+00  1.35E+07  1.03E+07  8.26E-23 
   59  42.0  2.201E+00  255.9  6.23E+16  4.77E+05  8.87E+02  5.73E+02  3.35E+11  7.82E+07  0.00E+00  1.81E+07  1.26E+07  7.17E-24 
   60  41.0  2.514E+00  253.2  7.19E+16  6.18E+05  1.71E+03  9.23E+02  4.23E+11  1.17E+08  0.00E+00  2.32E+07  1.49E+07  5.92E-25 
   61  40.0  2.871E+00  250.4  8.30E+16  7.75E+05  3.58E+03  1.56E+03  5.29E+11  1.82E+08  0.00E+00  2.87E+07  1.67E+07  4.65E-26 
   62  39.0  3.292E+00  247.6  9.63E+16  9.69E+05  6.00E+03  2.38E+03  6.62E+11  2.66E+08  0.00E+00  3.54E+07  1.89E+07  3.48E-27 
   63  38.0  3.774E+00  244.8  1.12E+17  1.21E+06  9.11E+03  3.41E+03  8.23E+11  3.71E+08  0.00E+00  4.35E+07  2.13E+07  2.48E-28 
   64  37.0  4.336E+00  242.0  1.30E+17  1.45E+06  1.53E+04  4.78E+03  1.00E+12  4.94E+08  0.00E+00  5.02E+07  2.34E+07  1.68E-29 
   65  36.0  4.991E+00  239.3  1.51E+17  1.71E+06  2.45E+04  6.53E+03  1.21E+12  6.43E+08  0.00E+00  5.63E+07  2.53E+07  1.08E-30 
   66  35.0  5.746E+00  236.5  1.76E+17  2.03E+06  3.64E+04  8.73E+03  1.45E+12  8.27E+08  0.00E+00  6.30E+07  2.73E+07  6.66E-32 
   67  34.0  6.643E+00  233.7  2.06E+17  2.41E+06  5.16E+04  1.15E+04  1.75E+12  1.05E+09  0.00E+00  7.04E+07  2.93E+07  3.89E-33 
   68  33.0  7.680E+00  231.0  2.41E+17  2.77E+06  7.03E+04  1.41E+04  2.04E+12  1.21E+09  0.00E+00  7.49E+07  3.12E+07  2.17E-34 
   69  32.0  8.894E+00  229.0  2.81E+17  3.18E+06  9.38E+04  1.72E+04  2.38E+12  1.38E+09  0.00E+00  7.88E+07  3.29E+07  1.15E-35 
   70  31.0  1.032E+01  227.7  3.28E+17  3.65E+06  1.23E+05  2.10E+04  2.76E+12  1.58E+09  0.00E+00  8.17E+07  3.42E+07  5.78E-37 
   71  30.0  1.197E+01  226.5  3.83E+17  4.14E+06  1.52E+05  2.48E+04  3.17E+12  1.74E+09  0.00E+00  8.40E+07  3.55E+07  2.77E-38 
   72  29.0  1.391E+01  225.5  4.47E+17  4.62E+06  1.77E+05  2.80E+04  3.57E+12  1.82E+09  0.00E+00  8.57E+07  3.70E+07  1.27E-39 
   73  28.0  1.617E+01  224.5  5.22E+17  5.14E+06  2.06E+05  3.16E+04  4.03E+12  1.87E+09  0.00E+00  8.56E+07  3.79E+07  5.51E-41 
   74  27.0  1.881E+01  223.5  6.09E+17  5.72E+06  2.40E+05  3.57E+04  4.54E+12  1.89E+09  0.00E+00  8.32E+07  3.81E+07  2.28E-42 
   75  26.0  2.189E+01  222.6  7.13E+17  6.28E+06  2.60E+05  3.93E+04  4.94E+12  1.87E+09  0.00E+00  8.35E+07  3.88E+07  8.97E-44 
   76  25.0  2.549E+01  221.6  8.33E+17  6.86E+06  2.73E+05  4.27E+04  5.30E+12  1.80E+09  0.00E+00  8.33E+07  3.91E+07  3.36E-45 
   77  24.0  2.972E+01  220.6  9.76E+17  7.46E+06  2.84E+05  4.61E+04  5.64E+12  1.66E+09  0.00E+00  8.09E+07  3.85E+07  1.20E-46 
   78  23.0  3.467E+01  219.6  1.14E+18  8.06E+06  2.92E+05  4.93E+04  5.96E+12  1.46E+09  0.00E+00  7.64E+07  3.71E+07  4.07E-48 
   79  22.0  4.047E+01  218.6  1.34E+18  8.59E+06  3.05E+05  5.06E+04  6.26E+12  1.43E+09  0.00E+00  7.52E+07  3.76E+07  1.32E-49 
   80  21.0  4.729E+01  217.6  1.57E+18  9.07E+06  3.13E+05  5.10E+04  6.50E+12  1.36E+09  0.00E+00  7.14E+07  3.73E+07  4.05E-51 
   81  20.0  5.529E+01  216.6  1.85E+18  9.46E+06  3.16E+05  5.00E+04  6.63E+12  1.21E+09  0.00E+00  6.40E+07  3.56E+07  1.19E-52 
   82  19.0  6.467E+01  216.6  2.16E+18  9.68E+06  3.23E+05  4.73E+04  6.80E+12  1.17E+09  0.00E+00  5.84E+07  3.54E+07  3.30E-54 
   83  18.0  7.565E+01  216.6  2.53E+18  9.72E+06  3.29E+05  4.25E+04  6.93E+12  1.17E+09  0.00E+00  5.21E+07  3.55E+07  8.76E-56 
   84  17.0  8.850E+01  216.6  2.96E+18  9.49E+06  3.29E+05  3.47E+04  6.91E+12  1.14E+09  0.00E+00  4.21E+07  3.47E+07  2.21E-57 
   85  16.0  1.035E+02  216.6  3.46E+18  9.05E+06  3.08E+05  2.67E+04  6.60E+12  1.06E+09  0.00E+00  3.20E+07  3.38E+07  5.32E-59 
   86  15.0  1.211E+02  216.6  4.05E+18  8.43E+06  2.55E+05  2.07E+04  5.86E+12  9.09E+08  0.00E+00  2.54E+07  3.38E+07  1.22E-60 
   87  14.0  1.417E+02  216.6  4.74E+18  7.34E+06  1.75E+05  1.20E+04  4.67E+12  6.83E+08  0.00E+00  1.56E+07  3.27E+07  2.65E-62 
   88  13.0  1.658E+02  216.6  5.54E+18  6.33E+06  1.15E+05  3.16E+04  3.35E+12  4.37E+08  0.00E+00  7.08E+07  5.17E+07  5.49E-64 
   89  12.0  1.940E+02  216.6  6.49E+18  5.02E+06  4.39E+04  6.01E+04  1.71E+12  1.33E+08  0.00E+00  1.51E+08  8.21E+07  1.08E-65 
   90  11.0  2.270E+02  216.8  7.58E+18  5.01E+06  3.54E+04  9.09E+04  1.53E+12  9.94E+07  0.00E+00  2.53E+08  1.60E+08  2.03E-67 
   91  10.0  2.650E+02  223.3  8.60E+18  4.72E+06  2.22E+04  1.26E+05  1.20E+12  4.94E+07  0.00E+00  3.73E+08  2.53E+08  3.63E-69 
   92   9.0  3.080E+02  229.7  9.71E+18  4.27E+06  9.88E+03  1.52E+05  8.86E+11  4.29E+06  0.00E+00  4.60E+08  3.61E+08  6.18E-71 
   93   8.0  3.565E+02  236.2  1.09E+19  3.74E+06  1.06E+04  1.25E+05  8.78E+11  1.07E+07  0.00E+00  3.74E+08  4.69E+08  1.00E-72 
   94   7.0  4.110E+02  242.7  1.23E+19  3.00E+06  1.13E+04  8.92E+04  8.52E+11  1.86E+07  0.00E+00  2.57E+08  5.97E+08  1.54E-74 
   95   6.0  4.722E+02  249.2  1.37E+19  2.01E+06  1.20E+04  4.25E+04  8.04E+11  2.82E+07  0.00E+00  1.07E+08  7.47E+08  2.26E-76 
   96   5.0  5.405E+02  255.7  1.53E+19  1.23E+06  1.90E+05  1.89E+05  7.90E+11  3.38E+07  0.00E+00  4.18E+06  9.82E+08  3.15E-78 
   97   4.0  6.166E+02  262.2  1.70E+19  9.65E+05  6.71E+05  6.69E+05  8.47E+11  3.15E+07  0.00E+00  3.72E+06  1.35E+09  4.19E-80 
   98   3.0  7.012E+02  268.7  1.89E+19  6.18E+05  1.25E+06  1.25E+06  9.05E+11  2.82E+07  0.00E+00  3.10E+06  1.77E+09  5.30E-82 
   99   2.0  7.950E+02  275.2  2.09E+19  1.82E+05  1.95E+06  1.95E+06  9.63E+11  2.38E+07  0.00E+00  2.29E+06  2.27E+09  6.38E-84 
  100   1.0  8.988E+02  281.7  2.31E+19  6.23E+04  2.31E+06  2.31E+06  1.05E+12  2.43E+07  0.00E+00  2.21E+06  2.60E+09  7.31E-86 
  101   0.0  1.013E+03  288.1  2.55E+19  6.87E+04  2.55E+06  2.55E+06  1.16E+12  2.68E+07  0.00E+00  2.44E+06  2.86E+09  7.97E-88 
  ---------------------------------------------------------------------------------------------------------------------------------
                                             bro       no3       oclo      o3        no2       so2       clo       hcho      na   
  Vertical column [mol/cm^2]:            1.888E+13  1.289E+12  9.091E+11  1.272E+19  3.350E+15  0.000E+00  3.834E+14  1.409E+15  5.000E+09 
  Ozone vertical column [DU]:  473.04

  =======================  End of file  ======================
